21:45:52 **** Incremental Build of configuration Debug for project HomeWork ****
make all 
Invoking: AVRDude
C:\WinAVR-20100110\bin\avrdude -pm32 -cusbasp -Uflash:w:HomeWork.hex:a

avrdude: warning: cannot set sck period. please check for usbasp firmware update.
avrdude: AVR device initialized and ready to accept instructions

Reading | ################################################## | 100% 0.00s

avrdude: Device signature = 0x1e9502
avrdude: NOTE: FLASH memory has been specified, an erase cycle will be performed
         To disable this feature, specify the -D option.
avrdude: erasing chip
avrdude: warning: cannot set sck period. please check for usbasp firmware update.
avrdude: reading input file "HomeWork.hex"
avrdude: input file HomeWork.hex auto detected as Intel Hex
avrdude: writing flash (6076 bytes):

Writing | ################################################## | 100% 3.87s

avrdude: 6076 bytes of flash written
avrdude: verifying flash memory against HomeWork.hex:
avrdude: load data flash data from input file HomeWork.hex:
avrdude: input file HomeWork.hex auto detected as Intel Hex
avrdude: input file HomeWork.hex contains 6076 bytes
avrdude: reading on-chip flash data:

Reading | ################################################## | 100% 3.08s

avrdude: verifying ...
avrdude: 6076 bytes of flash verified

avrdude done.  Thank you.

Finished building: avrdudedummy
 

21:46:01 Build Finished (took 8s.823ms)

